11:05:50 [info] Initialisation connexion par le code utilisateur: OBHH
11:05:51 [error] Echec de connexion. Raison: utilisateur introuvable
11:07:47 [info] Initialisation connexion par le code utilisateur: OBHH
11:07:47 [info] Utilisateur connecté
11:27:59 [error] ORA-00937: not a single-group group function
11:27:59 [error] ORA-00937: not a single-group group function
11:28:06 [error] ORA-00937: not a single-group group function
11:28:06 [error] ORA-00937: not a single-group group function
11:28:39 [error] ORA-00937: not a single-group group function
11:28:39 [error] ORA-00937: not a single-group group function
11:28:47 [error] ORA-00937: not a single-group group function
11:28:47 [error] ORA-00937: not a single-group group function
11:28:53 [error] ORA-00937: not a single-group group function
11:28:53 [error] ORA-00937: not a single-group group function
11:28:58 [error] ORA-00937: not a single-group group function
11:28:58 [error] ORA-00937: not a single-group group function
11:29:06 [error] ORA-00937: not a single-group group function
11:29:06 [error] ORA-00937: not a single-group group function
11:29:17 [error] ORA-00937: not a single-group group function
11:29:17 [error] ORA-00937: not a single-group group function
11:29:26 [error] ORA-00937: not a single-group group function
11:29:26 [error] ORA-00937: not a single-group group function
11:29:33 [error] ORA-00937: not a single-group group function
11:29:33 [error] ORA-00937: not a single-group group function
11:30:10 [info] Initialisation connexion par le code utilisateur: NGON
11:30:10 [info] Utilisateur connecté
11:30:37 [error] ORA-00937: not a single-group group function
12:03:04 [error] ORA-00933: SQL command not properly ended
12:03:04 [error] ORA-00933: SQL command not properly ended
12:03:52 [error] ORA-00933: SQL command not properly ended
12:03:52 [error] ORA-00933: SQL command not properly ended
12:04:03 [error] ORA-00933: SQL command not properly ended
12:14:09 [info] Initialisation connexion par le code utilisateur: OBHH
12:14:09 [info] Utilisateur connecté
12:16:22 [info] Initialisation connexion par le code utilisateur: OBSD
12:16:22 [info] Utilisateur connecté
12:30:45 [error] jwt expired
12:45:52 [error] ORA-00933: SQL command not properly ended
12:45:52 [error] ORA-00933: SQL command not properly ended
12:59:30 Recuperation detail dossier No: 3000005
12:59:30 [error] ORA-00933: SQL command not properly ended
12:59:30 Recuperation detail dossier No: 3000005
12:59:30 [error] ORA-00933: SQL command not properly ended
12:59:36 [error] jwt expired
12:59:40 [info] Initialisation connexion par le code utilisateur: NGON
12:59:40 [info] Utilisateur connecté
12:59:54 Recuperation detail dossier No: 3000005
12:59:54 [error] ORA-00933: SQL command not properly ended
13:09:38 Recuperation detail dossier No: 3000005
13:20:07 [error] jwt expired
13:20:13 [info] Initialisation connexion par le code utilisateur: OBSD
13:20:13 [info] Utilisateur connecté
13:20:33 Recuperation detail dossier No: 3000005
13:22:00 [info] Initialisation connexion par le code utilisateur: OBHH
13:22:00 [info] Utilisateur connecté
13:22:03 Recuperation detail dossier No: 3000005
13:22:03 Recuperation detail dossier No: 3000005
13:23:16 Recuperation detail dossier No: 28855836
13:23:16 Recuperation detail dossier No: 28855836
13:26:14 Recuperation detail dossier No: 2952715
13:26:14 Recuperation detail dossier No: 2952715
13:26:28 Recuperation detail dossier No: 2952735
13:26:28 Recuperation detail dossier No: 2952735
13:26:41 Recuperation detail dossier No: 2952735
13:27:03 Recuperation detail dossier No: 300005
13:27:08 Recuperation detail dossier No: 3000005
13:27:29 Recuperation detail dossier No: 2952735
13:30:06 Recuperation detail dossier No: 2952735
13:37:52 Recuperation detail dossier No: 2952735
13:39:41 Recuperation detail dossier No: 2952734
13:40:40 Recuperation detail dossier No: 2952735
13:41:15 [error] jwt expired
13:41:41 [info] Initialisation de payement...
13:41:47 [info] Payement initié
14:12:53 [info] Initialisation de payement...
14:12:58 [info] Payement initié
14:13:19 [info] Payement confirmé
14:13:43 Recuperation detail dossier No: 2952735
14:15:25 Recuperation detail dossier No: 2952735
14:17:26 [info] Initialisation de payement...
14:17:31 [info] Payement initié
14:17:46 [error] Echec de payement. Raison:  Status: C
14:19:05 [info] Initialisation de payement...
14:19:11 [info] Payement initié
14:19:27 [error] Echec de payement. Raison:  Status: C
14:32:43 [error] jwt expired
14:32:48 [info] Initialisation connexion par le code utilisateur: OBSDIP_ADDRESS: ::ffff:127.0.0.1
14:32:48 [info] Utilisateur connecté
14:33:13 [info] Initialisation de payement...
14:33:18 [info] Payement initié
14:33:40 [error] Echec de payement. Raison:  Status: O
14:34:24 [info] Initialisation de payement...
14:34:28 [info] Payement initié
14:34:54 [info] Payement confirmé
14:35:17 [info] Initialisation connexion par le code utilisateur: OBHHIP_ADDRESS: ::ffff:192.168.1.11
14:35:17 [info] Utilisateur connecté
14:35:37 Recuperation detail dossier No: 2952735
14:35:37 Recuperation detail dossier No: 2952735
14:35:45 [error] jwt expired
14:35:49 [info] Initialisation connexion par le code utilisateur: NGONIP_ADDRESS: ::ffff:192.168.1.11
14:35:49 [info] Utilisateur connecté
14:36:01 Recuperation detail dossier No: 2952735
14:36:04 Recuperation detail dossier No: 2952735
14:36:47 Recuperation detail dossier No: 2952735
14:42:41 Recuperation detail dossier No: 2952735
14:42:41 [error] ORA-00904: "STATE": invalid identifier
14:43:44 Recuperation detail dossier No: 2952735
14:43:47 Recuperation detail dossier No: 2952735
14:43:55 Recuperation detail dossier No: 2952735
14:44:07 Recuperation detail dossier No: 2952735
14:44:07 [info] Initialisation de payement...
14:44:10 Recuperation detail dossier No: 2952735
14:44:12 [info] Payement initié
14:44:22 [info] Payement confirmé
14:44:28 Recuperation detail dossier No: 2952735
14:45:55 Recuperation detail dossier No: 2952735
14:49:06 Recuperation detail dossier No: 2952735
14:50:23 Recuperation detail dossier No: 2952735
14:50:43 Recuperation detail dossier No: 2952735
14:50:58 Recuperation detail dossier No: 2952735
14:51:09 Recuperation detail dossier No: 2952735
14:58:29 Recuperation detail dossier No: 2952735
14:58:42 Recuperation detail dossier No: 2952735
14:59:07 Recuperation detail dossier No: 2952735
14:59:14 Recuperation detail dossier No: 2952735
15:00:54 Recuperation detail dossier No: 2952735
15:01:07 Recuperation detail dossier No: 2952735
15:01:16 Recuperation detail dossier No: 2952735
15:02:14 Recuperation detail dossier No: 2952735
15:03:37 Recuperation detail dossier No: 2952735
15:03:37 Recuperation detail dossier No: 2952735
15:04:12 Recuperation detail dossier No: 2952735
15:04:29 Recuperation detail dossier No: 2952735
15:07:14 Recuperation detail dossier No: 2952735
15:07:14 Recuperation detail dossier No: 2952735
15:07:36 Recuperation detail dossier No: 2952735
15:07:36 Recuperation detail dossier No: 2952735
15:08:01 Recuperation detail dossier No: 2952735
15:08:32 Recuperation detail dossier No: 2952735
15:08:32 Recuperation detail dossier No: 2952735
15:08:49 Recuperation detail dossier No: 2952735
15:09:58 Recuperation detail dossier No: 2952735
15:10:02 Recuperation detail dossier No: 2952735
15:10:18 Recuperation detail dossier No: 2952735
15:10:23 Recuperation detail dossier No: 2952735
15:10:32 Recuperation detail dossier No: 2952735
15:10:50 Recuperation detail dossier No: 2952735
15:11:05 Recuperation detail dossier No: 2952735
15:11:34 Recuperation detail dossier No: 2952735
15:11:51 Recuperation detail dossier No: 2952735
15:14:30 Recuperation detail dossier No: 2952735
15:14:59 Recuperation detail dossier No: 2952735
15:15:55 Recuperation detail dossier No: 2952735
15:15:56 Recuperation detail dossier No: 2952735
15:17:53 Recuperation detail dossier No: 2952735
15:28:50 [info] Déconnexion de l'utilisateur: OBHH
15:28:50 [info] Utilisateur: OBHH déconnecté
15:29:04 [info] Initialisation connexion par le code utilisateur: OBHH  IP_ADDRESS: ::ffff:192.168.1.11
15:29:04 [info] Utilisateur connecté
15:37:50 [info] Récupération détail dossier No: 2952735
15:37:50 [info] Récupération détail dossier No: 2952735
15:39:46 [info] Récupération détail dossier No: 3000005
15:39:46 [info] Récupération détail dossier No: 3000005
15:39:56 [info] Récupération détail dossier No: 2952735
15:39:56 [info] Récupération détail dossier No: 2952735
15:43:03 [info] Récupération détail dossier No: 2952735
15:43:05 [info] Récupération détail dossier No: 2952735
15:43:05 [info] Récupération détail dossier No: 2952735
15:43:55 [info] Récupération détail dossier No: 2952735
15:43:55 [info] Récupération détail dossier No: 2952735
15:45:02 [info] Récupération détail dossier No: 2952735
15:45:02 [info] Récupération détail dossier No: 2952735
15:45:07 [info] Récupération détail dossier No: 2952735
15:45:07 [info] Récupération détail dossier No: 2952735
15:45:49 [info] Récupération détail dossier No: 2952735
15:45:49 [info] Récupération détail dossier No: 2952735
15:48:25 [info] Récupération détail dossier No: 2952735
15:48:25 [info] Récupération détail dossier No: 2952735
15:48:52 [info] Récupération détail dossier No: 2952735
15:48:52 [info] Récupération détail dossier No: 2952735
15:50:43 [info] Récupération détail dossier No: 2952735
15:50:43 [info] Récupération détail dossier No: 2952735
15:51:57 [info] Récupération détail dossier No: 2952735
15:51:57 [info] Récupération détail dossier No: 2952735
15:53:54 [info] Récupération détail dossier No: 2952735
15:53:54 [info] Récupération détail dossier No: 2952735
15:55:09 [info] Récupération détail dossier No: 2952735
15:55:09 [info] Récupération détail dossier No: 2952735
15:55:18 [info] Récupération détail dossier No: 2952735
15:55:18 [info] Récupération détail dossier No: 2952735
15:55:44 [info] Récupération détail dossier No: 2952735
15:55:44 [info] Récupération détail dossier No: 2952735
15:57:45 [info] Récupération détail dossier No: 2952735
15:57:45 [info] Récupération détail dossier No: 2952735
15:57:52 [info] Récupération détail dossier No: 2952735
15:57:52 [info] Récupération détail dossier No: 2952735
15:59:26 [info] Récupération détail dossier No: 2952735
16:00:01 [info] Récupération détail dossier No: 2952735
16:00:01 [info] Récupération détail dossier No: 2952735
16:00:09 [info] Récupération détail dossier No: 2952735
16:00:09 [info] Récupération détail dossier No: 2952735
16:00:17 [info] Récupération détail dossier No: 2952735
16:00:17 [info] Récupération détail dossier No: 2952735
16:02:19 [info] Initialisation de payement...
16:02:23 [info] Payement initié
16:02:40 [info] Payement confirmé
16:02:45 [info] génération de reçu...
16:02:46 [info] Reçu généré avec le numéro: 2952729
16:02:46 [info] génération de reçu...
16:02:46 [info] Reçu généré avec le numéro: 2952729
16:03:32 [error] jwt expired
16:03:39 [info] Initialisation connexion par le code utilisateur: NGON  IP_ADDRESS: ::ffff:192.168.1.11
16:03:39 [info] Utilisateur connecté
16:03:55 [info] génération de reçu...
16:03:55 [info] Reçu généré avec le numéro: 2952729
16:05:52 [info] Récupération détail dossier No: 2952735
16:05:52 [info] Récupération détail dossier No: 2952735
16:06:12 [info] Récupération détail dossier No: 2952735
16:09:07 [info] Récupération détail dossier No: 2952704
16:09:07 [info] Récupération détail dossier No: 2952704
16:09:15 [info] Récupération détail dossier No: 2952704
16:10:01 [info] Récupération détail dossier No: 2952704
16:10:05 [info] Récupération détail dossier No: 2952735
16:12:42 [info] Initialisation de payement...
16:12:48 [info] Payement initié
16:12:58 [info] Initialisation de payement...
16:13:03 [info] Payement initié
16:14:16 [info] Récupération détail dossier No: 2952704
16:14:16 [info] Récupération détail dossier No: 2952704
16:14:44 [info] Récupération détail dossier No: 2952735
16:14:54 [info] Récupération détail dossier No: 2952704
16:15:52 [error] jwt expired
16:16:04 [info] Initialisation connexion par le code utilisateur: OBSD  IP_ADDRESS: ::ffff:127.0.0.1
16:16:04 [info] Utilisateur connecté
16:16:23 [info] Récupération détail dossier No: 2952704
16:19:35 [info] Initialisation de payement...
16:19:40 [info] Payement initié
16:19:56 [info] Récupération détail dossier No: 2952704
16:20:02 [info] Payement confirmé
16:20:08 [info] Récupération détail dossier No: 2952704
16:20:15 [info] Récupération détail dossier No: 2952704
16:20:15 [info] Récupération détail dossier No: 2952704
16:20:43 [info] Récupération détail dossier No: 2952704
16:20:53 [info] Initialisation de payement...
16:20:58 [info] Payement initié
16:21:14 [info] Payement confirmé
16:22:38 [info] Récupération détail dossier No: 2952704
16:22:38 [info] Récupération détail dossier No: 2952704
16:24:27 [info] Initialisation de payement...
16:24:32 [info] Payement initié
16:24:37 [info] Initialisation de payement...
16:24:41 [info] Payement initié
16:26:11 [info] Récupération détail dossier No: 2952704
16:26:11 [info] Récupération détail dossier No: 2952704
16:26:25 [info] Initialisation de payement...
16:26:29 [info] Payement initié
16:26:50 [info] Payement confirmé
16:27:27 [info] génération de reçu...
16:27:27 [info] Reçu généré avec le numéro: 2952725
16:27:27 [info] génération de reçu...
16:27:27 [info] Reçu généré avec le numéro: 2952725
16:31:34 [info] Initialisation connexion par le code utilisateur: OBHH  IP_ADDRESS: ::ffff:192.168.1.11
16:31:34 [info] Utilisateur connecté
16:31:43 [info] Récupération détail dossier No: 2952704
16:31:43 [info] Récupération détail dossier No: 2952704
16:32:38 [info] Initialisation de payement...
16:32:43 [info] Payement initié
16:32:53 [info] Payement confirmé
16:33:01 [info] génération de reçu...
16:33:01 [info] Reçu généré avec le numéro: 2952726
16:33:21 [info] Récupération détail dossier No: 2952704
16:33:21 [info] Récupération détail dossier No: 2952704
16:34:58 [info] Initialisation de payement...
16:35:04 [info] Payement initié
16:35:30 [info] Initialisation de payement...
16:35:34 [info] Payement initié
16:36:09 [info] Récupération détail dossier No: 2952704
16:36:09 [info] Récupération détail dossier No: 2952704
16:36:25 [info] Récupération détail dossier No: 2952704
16:38:42 [info] Récupération détail dossier No: 2952704
16:38:47 [info] Récupération détail dossier No: 2952704
16:38:48 [info] Récupération détail dossier No: 2952704
16:38:50 [info] Récupération détail dossier No: 2952704
16:38:51 [info] Récupération détail dossier No: 2952704
16:38:53 [info] Récupération détail dossier No: 2952704
16:39:54 [info] Récupération détail dossier No: 2952704
16:44:37 [info] Récupération détail dossier No: 2952704
16:44:37 [info] Récupération détail dossier No: 2952704
16:46:01 [info] Initialisation de payement...
16:47:11 [error] read ECONNRESET
16:47:11 [error] read ECONNRESET
16:47:34 [info] Initialisation de payement...
16:47:39 [info] Payement initié
16:47:54 [info] Payement confirmé
16:48:08 [info] génération de reçu...
16:48:08 [info] Reçu généré avec le numéro: 2952725
16:49:01 [info] Déconnexion de l'utilisateur: OBHH
16:49:01 [info] Utilisateur: OBHH déconnecté
16:49:40 [info] Initialisation connexion par le code utilisateur: OBHH  IP_ADDRESS: ::ffff:192.168.1.11
16:49:40 [info] Utilisateur connecté
16:51:05 [info] Initialisation connexion par le code utilisateur: OBHH  IP_ADDRESS: ::ffff:192.168.1.11
16:51:14 [info] Déconnexion de l'utilisateur: OBHH
16:51:14 [info] Utilisateur: OBHH déconnecté
16:51:19 [info] Initialisation connexion par le code utilisateur: OBHH  IP_ADDRESS: ::ffff:192.168.1.11
16:51:19 [info] Utilisateur connecté
16:53:07 [info] Déconnexion de l'utilisateur: OBHH
16:53:07 [info] Utilisateur: OBHH déconnecté
16:53:14 [info] Initialisation connexion par le code utilisateur: OBHH  IP_ADDRESS: ::ffff:192.168.1.11
16:53:14 [info] Utilisateur connecté
16:53:48 [info] Déconnexion de l'utilisateur: OBHH
16:53:48 [info] Utilisateur: OBHH déconnecté
16:54:44 [info] Initialisation connexion par le code utilisateur: OBHH  IP_ADDRESS: ::ffff:192.168.1.11
16:54:44 [info] Utilisateur connecté
16:56:53 [info] Déconnexion de l'utilisateur: OBHH
16:56:53 [info] Utilisateur: OBHH déconnecté
16:56:58 [info] Initialisation connexion par le code utilisateur: OBHH  IP_ADDRESS: ::ffff:192.168.1.11
16:56:58 [info] Utilisateur connecté
16:58:04 [info] Récupération détail dossier No: 2952704
16:58:33 [info] Initialisation connexion par le code utilisateur: OBHH  IP_ADDRESS: ::ffff:192.168.1.11
16:58:39 [info] Déconnexion de l'utilisateur: OBHH
16:58:39 [info] Utilisateur: OBHH déconnecté
16:58:42 [info] Initialisation connexion par le code utilisateur: OBHH  IP_ADDRESS: ::ffff:192.168.1.11
16:58:42 [info] Utilisateur connecté
17:03:38 [info] Récupération détail dossier No: 2952704
17:03:38 [info] Récupération détail dossier No: 2952704
17:04:18 [info] Initialisation de payement...
17:04:23 [info] Payement initié
17:04:39 [info] Payement confirmé
17:05:18 [info] Récupération détail dossier No: 2952704
17:05:18 [info] Récupération détail dossier No: 2952704
17:05:45 [info] Initialisation de payement...
17:05:50 [info] Payement initié
17:06:00 [info] Payement confirmé
17:06:15 [info] Récupération détail dossier No: 2952704
17:06:15 [info] Récupération détail dossier No: 2952704
17:08:27 [info] Récupération détail dossier No: 2952704
17:08:27 [info] Récupération détail dossier No: 2952704
17:08:48 [info] Récupération détail dossier No: 2952704
17:09:03 [info] Récupération détail dossier No: 2952704
17:09:03 [info] Récupération détail dossier No: 2952704
17:09:29 [info] Récupération détail dossier No: 2952704
17:11:05 [info] Récupération détail dossier No: 2952704
17:13:54 [info] Récupération détail dossier No: 2952704
17:22:13 [info] Déconnexion de l'utilisateur: OBHH
17:22:13 [info] Utilisateur: OBHH déconnecté
17:22:52 [info] Initialisation connexion par le code utilisateur: OBHH  IP_ADDRESS: ::ffff:192.168.1.11
17:22:52 [info] Utilisateur connecté
17:24:50 [info] génération de reçu...
17:24:50 [info] Reçu généré avec le numéro: 2952727
17:25:03 [info] génération de reçu...
17:25:03 [info] Reçu généré avec le numéro: 2952727
17:43:57 [info] Initialisation connexion par le code utilisateur: OBHH  IP_ADDRESS: ::ffff:192.168.1.11
17:43:57 [info] Utilisateur connecté
17:49:10 [info] Récupération détail dossier No: 2952704
17:49:10 [info] Récupération détail dossier No: 2952704
17:49:27 [info] Récupération détail dossier No: 2952704
17:49:27 [info] Récupération détail dossier No: 2952704
17:49:32 [info] Récupération détail dossier No: 2952704
17:49:32 [info] Récupération détail dossier No: 2952704
17:49:46 [info] Récupération détail dossier No: 3000005
17:49:46 [info] Récupération détail dossier No: 3000005
17:54:37 [info] génération de reçu...
17:54:37 [info] Reçu généré avec le numéro: 2952725
17:54:45 [info] génération de reçu...
17:54:45 [info] Reçu généré avec le numéro: 2952725
17:55:37 [info] génération de reçu...
17:55:37 [info] Reçu généré avec le numéro: 2952726
17:55:51 [info] Récupération détail dossier No: 3000005
17:55:51 [info] Récupération détail dossier No: 3000005
